2019-08-21 23:36:28 INFO  EmployeesRestAPI:18 - ***********************satrted get all employees**************
2019-08-21 23:36:28 INFO  EmployeesRestAPI:24 - ******************using GEt method************
2019-08-21 23:36:31 INFO  EmployeesRestAPI:34 - ******************using Assertions**********
2019-08-21 23:36:31 INFO  EmployeesRestAPI:43 - *****************ststuscode***************
2019-08-21 23:36:31 INFO  EmployeesRestAPI:46 - **********************assertions*************
2019-08-21 23:44:29 INFO  EmployeesRestAPI:19 - ***********************satrted get all employees**************
2019-08-21 23:44:29 INFO  EmployeesRestAPI:25 - ******************using GEt method************
2019-08-21 23:44:31 INFO  EmployeesRestAPI:35 - ******************using Assertions**********
2019-08-21 23:44:31 INFO  EmployeesRestAPI:44 - *****************ststuscode***************
2019-08-21 23:44:31 INFO  EmployeesRestAPI:47 - **********************assertions*************
2019-08-21 23:44:31 INFO  EmployeesRestAPI:65 - *******************closed the testcase**************
2019-08-21 23:45:47 INFO  EmployeesRestAPI:19 - ***********************satrted get all employees**************
2019-08-21 23:45:48 INFO  EmployeesRestAPI:25 - ******************using GEt method************
2019-08-21 23:45:50 INFO  EmployeesRestAPI:35 - ******************using Assertions**********
2019-08-21 23:45:50 INFO  EmployeesRestAPI:44 - *****************ststuscode***************
2019-08-21 23:45:50 INFO  EmployeesRestAPI:47 - **********************assertions*************
2019-08-21 23:45:50 INFO  EmployeesRestAPI:65 - *******************closed the testcase**************
2019-08-21 23:47:12 INFO  EmployeesRestAPI:19 - ***********************satrted get all employees**************
2019-08-21 23:47:13 INFO  EmployeesRestAPI:25 - ******************using GEt method************
2019-08-21 23:47:18 INFO  EmployeesRestAPI:36 - ******************using Assertions**********
2019-08-21 23:47:18 INFO  EmployeesRestAPI:45 - *****************ststuscode***************
2019-08-21 23:47:18 INFO  EmployeesRestAPI:48 - **********************assertions*************
2019-08-21 23:47:18 INFO  EmployeesRestAPI:66 - *******************closed the testcase**************
2019-08-21 23:48:21 INFO  EmployeesRestAPI:19 - ***********************satrted get all employees**************
2019-08-21 23:48:22 INFO  EmployeesRestAPI:25 - ******************using GEt method************
2019-08-21 23:48:27 INFO  EmployeesRestAPI:36 - ******************using Assertions**********
2019-08-21 23:48:27 INFO  EmployeesRestAPI:45 - *****************ststuscode***************
2019-08-21 23:48:27 INFO  EmployeesRestAPI:48 - **********************assertions*************
2019-08-21 23:48:27 INFO  EmployeesRestAPI:66 - *******************closed the testcase**************
2019-08-22 00:06:39 INFO  EmployeesRestAPI:30 - ***********************satrted get all employees**************
2019-08-22 00:06:40 INFO  EmployeesRestAPI:37 - ******************using POSt method************
2019-08-22 00:06:42 INFO  EmployeesRestAPI:75 - *********************************statuscode**********
2019-08-22 00:06:42 INFO  EmployeesRestAPI:84 - *******************closed the testcase**************
2019-08-22 00:08:49 INFO  EmployeesRestAPI:30 - ***********************satrted get all employees**************
2019-08-22 00:08:49 INFO  EmployeesRestAPI:37 - ******************using POSt method************
2019-08-22 00:08:51 INFO  EmployeesRestAPI:75 - *********************************statuscode**********
2019-08-22 00:08:51 INFO  EmployeesRestAPI:84 - *******************closed the testcase**************
2019-08-22 00:10:36 INFO  EmployeesRestAPI:30 - ***********************satrted get all employees**************
2019-08-22 00:10:36 INFO  EmployeesRestAPI:37 - ******************using POSt method************
2019-08-22 00:10:38 INFO  EmployeesRestAPI:75 - *********************************statuscode**********
2019-08-22 00:10:38 INFO  EmployeesRestAPI:84 - *******************closed the testcase**************
2019-08-22 00:12:04 INFO  EmployeesRestAPI:30 - ***********************satrted get all employees**************
2019-08-22 00:12:05 INFO  EmployeesRestAPI:37 - ******************using POSt method************
2019-08-22 00:12:10 INFO  EmployeesRestAPI:76 - *********************************statuscode**********
2019-08-22 00:12:10 INFO  EmployeesRestAPI:85 - *******************closed the testcase**************
2019-08-22 00:14:17 INFO  EmployeesRestAPI:19 - ***********************satrted get all employees**************
2019-08-22 00:14:17 INFO  EmployeesRestAPI:25 - ******************using GEt method************
2019-08-22 00:14:23 INFO  EmployeesRestAPI:36 - ******************using Assertions**********
2019-08-22 00:14:23 INFO  EmployeesRestAPI:45 - *****************ststuscode***************
2019-08-22 00:14:23 INFO  EmployeesRestAPI:48 - **********************assertions*************
2019-08-22 00:14:23 INFO  EmployeesRestAPI:66 - *******************closed the testcase**************
2019-08-22 00:24:59 INFO  EmployeesRestAPI:18 - ***********************satrted get all employees**************
2019-08-22 00:24:59 INFO  EmployeesRestAPI:24 - ******************using GEt method************
2019-08-22 00:25:01 INFO  EmployeesRestAPI:34 - ******************using Assertions**********
2019-08-22 00:25:01 INFO  EmployeesRestAPI:43 - *****************ststuscode***************
2019-08-22 00:25:01 INFO  EmployeesRestAPI:46 - **********************assertions*************
2019-08-22 00:25:01 INFO  EmployeesRestAPI:19 - ***********************satrted get all employees**************
2019-08-22 00:25:01 INFO  EmployeesRestAPI:25 - ******************using GEt method************
2019-08-22 00:25:05 INFO  EmployeesRestAPI:36 - ******************using Assertions**********
2019-08-22 00:25:05 INFO  EmployeesRestAPI:45 - *****************ststuscode***************
2019-08-22 00:25:05 INFO  EmployeesRestAPI:48 - **********************assertions*************
2019-08-22 00:25:05 INFO  EmployeesRestAPI:66 - *******************closed the testcase**************
2019-08-22 00:29:59 INFO  EmployeesRestAPI:18 - ***********************satrted get all employees**************
2019-08-22 00:30:00 INFO  EmployeesRestAPI:24 - ******************using GEt method************
2019-08-22 00:30:02 INFO  EmployeesRestAPI:34 - ******************using Assertions**********
2019-08-22 00:30:02 INFO  EmployeesRestAPI:43 - *****************ststuscode***************
2019-08-22 00:30:02 INFO  EmployeesRestAPI:46 - **********************assertions*************
2019-08-22 00:30:02 INFO  EmployeesRestAPI:19 - ***********************satrted get all employees**************
2019-08-22 00:30:02 INFO  EmployeesRestAPI:25 - ******************using GEt method************
2019-08-22 00:30:05 INFO  EmployeesRestAPI:36 - ******************using Assertions**********
2019-08-22 00:30:05 INFO  EmployeesRestAPI:45 - *****************ststuscode***************
2019-08-22 00:30:05 INFO  EmployeesRestAPI:48 - **********************assertions*************
2019-08-22 00:30:05 INFO  EmployeesRestAPI:66 - *******************closed the testcase**************
2019-08-22 00:49:44 INFO  EmployeesRestAPI:30 - ***********************satrted get all employees**************
2019-08-22 00:49:44 INFO  EmployeesRestAPI:37 - ******************using POSt method************
2019-08-22 00:49:50 INFO  EmployeesRestAPI:76 - *********************************statuscode**********
2019-08-22 00:49:50 INFO  EmployeesRestAPI:85 - *******************closed the testcase**************
2019-08-22 00:52:45 INFO  EmployeesRestAPI:18 - ***********************satrted get all employees**************
2019-08-22 00:52:45 INFO  EmployeesRestAPI:18 - ***********************satrted get all employees**************
2019-08-22 00:52:47 INFO  EmployeesRestAPI:24 - ******************using GEt method************
2019-08-22 00:52:47 INFO  EmployeesRestAPI:24 - ******************using GEt method************
2019-08-22 00:52:52 INFO  EmployeesRestAPI:34 - ******************using Assertions**********
2019-08-22 00:52:52 WARN  EmployeesRestAPI:56 - response time is greater than 2000
2019-08-22 00:52:52 INFO  EmployeesRestAPI:34 - ******************using Assertions**********
2019-08-22 00:52:52 WARN  EmployeesRestAPI:56 - response time is greater than 2000
2019-08-22 00:54:00 INFO  EmployeesRestAPI:18 - ***********************satrted get all employees**************
2019-08-22 00:54:00 INFO  EmployeesRestAPI:24 - ******************using GEt method************
2019-08-22 00:54:02 INFO  EmployeesRestAPI:34 - ******************using Assertions**********
2019-08-22 00:54:02 INFO  EmployeesRestAPI:43 - *****************ststuscode***************
2019-08-22 00:54:02 INFO  EmployeesRestAPI:46 - **********************assertions*************
2019-08-22 00:54:02 INFO  EmployeesRestAPI:19 - ***********************satrted get all employees**************
2019-08-22 00:54:02 INFO  EmployeesRestAPI:25 - ******************using GEt method************
2019-08-22 00:54:05 INFO  EmployeesRestAPI:36 - ******************using Assertions**********
2019-08-22 00:54:06 INFO  EmployeesRestAPI:45 - *****************ststuscode***************
2019-08-22 00:54:06 INFO  EmployeesRestAPI:48 - **********************assertions*************
2019-08-22 00:54:06 INFO  EmployeesRestAPI:66 - *******************closed the testcase**************
2019-08-22 00:54:27 INFO  EmployeesRestAPI:18 - ***********************satrted get all employees**************
2019-08-22 00:54:27 INFO  EmployeesRestAPI:24 - ******************using GEt method************
2019-08-22 00:54:29 INFO  EmployeesRestAPI:34 - ******************using Assertions**********
2019-08-22 00:54:29 INFO  EmployeesRestAPI:43 - *****************ststuscode***************
2019-08-22 00:54:29 INFO  EmployeesRestAPI:46 - **********************assertions*************
2019-08-22 00:54:29 INFO  EmployeesRestAPI:19 - ***********************satrted get all employees**************
2019-08-22 00:54:29 INFO  EmployeesRestAPI:25 - ******************using GEt method************
2019-08-22 00:54:33 INFO  EmployeesRestAPI:36 - ******************using Assertions**********
2019-08-22 00:54:33 INFO  EmployeesRestAPI:45 - *****************ststuscode***************
2019-08-22 00:54:33 INFO  EmployeesRestAPI:48 - **********************assertions*************
2019-08-22 00:54:33 INFO  EmployeesRestAPI:66 - *******************closed the testcase**************
2019-08-22 00:58:17 INFO  EmployeesRestAPI:18 - ***********************satrted get all employees**************
2019-08-22 00:58:17 INFO  EmployeesRestAPI:24 - ******************using GEt method************
2019-08-22 00:58:20 INFO  EmployeesRestAPI:34 - ******************using Assertions**********
2019-08-22 00:58:20 WARN  EmployeesRestAPI:56 - response time is greater than 2000
2019-08-22 01:03:51 INFO  EmployeesRestAPI:18 - ***********************satrted get all employees**************
2019-08-22 01:03:53 INFO  EmployeesRestAPI:24 - ******************using GEt method************
2019-08-22 01:03:55 INFO  EmployeesRestAPI:34 - ******************using Assertions**********
2019-08-22 01:03:55 INFO  EmployeesRestAPI:43 - *****************ststuscode***************
2019-08-22 01:03:55 INFO  EmployeesRestAPI:46 - **********************assertions*************
2019-08-22 01:03:55 INFO  EmployeesRestAPI:19 - ***********************satrted get all employees**************
2019-08-22 01:03:55 INFO  EmployeesRestAPI:25 - ******************using GEt method************
2019-08-22 01:03:58 INFO  EmployeesRestAPI:36 - ******************using Assertions**********
2019-08-22 01:03:58 INFO  EmployeesRestAPI:45 - *****************ststuscode***************
2019-08-22 01:03:58 INFO  EmployeesRestAPI:48 - **********************assertions*************
2019-08-22 01:03:58 INFO  EmployeesRestAPI:66 - *******************closed the testcase**************
2019-08-22 01:05:06 INFO  EmployeesRestAPI:18 - ***********************satrted get all employees**************
2019-08-22 01:05:07 INFO  EmployeesRestAPI:24 - ******************using GEt method************
2019-08-22 01:05:10 INFO  EmployeesRestAPI:34 - ******************using Assertions**********
2019-08-22 01:05:10 WARN  EmployeesRestAPI:56 - response time is greater than 2000
2019-08-22 01:05:25 INFO  EmployeesRestAPI:18 - ***********************satrted get all employees**************
2019-08-22 01:05:26 INFO  EmployeesRestAPI:24 - ******************using GEt method************
2019-08-22 01:05:28 INFO  EmployeesRestAPI:34 - ******************using Assertions**********
2019-08-22 01:05:28 INFO  EmployeesRestAPI:43 - *****************ststuscode***************
2019-08-22 01:05:28 INFO  EmployeesRestAPI:46 - **********************assertions*************
2019-08-22 01:05:28 INFO  EmployeesRestAPI:19 - ***********************satrted get all employees**************
2019-08-22 01:05:28 INFO  EmployeesRestAPI:25 - ******************using GEt method************
2019-08-22 01:05:32 INFO  EmployeesRestAPI:36 - ******************using Assertions**********
2019-08-22 01:05:32 INFO  EmployeesRestAPI:45 - *****************ststuscode***************
2019-08-22 01:05:32 INFO  EmployeesRestAPI:48 - **********************assertions*************
2019-08-22 01:05:32 INFO  EmployeesRestAPI:66 - *******************closed the testcase**************
